<?xml version="1.0" encoding="UTF-8"?>
<!-- Generated by org.testng.reporters.JUnitXMLReporter -->
<testsuite ignored="0" hostname="DESKTOP-IO8G9QF" failures="0" tests="7" name="Default test" time="48.309" errors="0" timestamp="2023-03-11T01:54:41 ICT">
  <testcase classname="bss.train.week5.testUI" name="invalidEmail" time="0.96"/>
  <testcase classname="bss.train.week5.testUI" name="blankEmail" time="0.722"/>
  <testcase classname="bss.train.week5.testUI" name="blankFirstName" time="0.642"/>
  <testcase classname="bss.train.week5.testUI" name="blankLastName" time="0.653"/>
  <testcase classname="bss.train.week5.testUI" name="blankBussinessDropDown" time="0.673"/>
  <testcase classname="bss.train.week5.testUI" name="testSaveButton" time="3.659"/>
  <testcase classname="bss.train.week5.testUI" name="testCancelButton" time="0.617"/>
</testsuite> <!-- Default test -->
